
Windows IP Configuration


Ethernet adapter VirtualBox Host-Only Network:

   Connection-specific DNS Suffix  . : 
   Link-local IPv6 Address . . . . . : fe80::45bd:b134:7a04:c880%20
   Autoconfiguration IPv4 Address. . : 169.254.200.128
   Subnet Mask . . . . . . . . . . . : 255.255.0.0
   Default Gateway . . . . . . . . . : 

Ethernet adapter Ethernet 3:

   Connection-specific DNS Suffix  . : home
   IPv6 Address. . . . . . . . . . . : 2a00:23c4:d91a:8701:683f:1aaa:fd5c:2fc1
   Temporary IPv6 Address. . . . . . : 2a00:23c4:d91a:8701:dcbc:c486:9b15:c34
   Link-local IPv6 Address . . . . . : fe80::683f:1aaa:fd5c:2fc1%21
   IPv4 Address. . . . . . . . . . . : 192.168.1.214
   Subnet Mask . . . . . . . . . . . : 255.255.255.0
   Default Gateway . . . . . . . . . : fe80::7add:12ff:fe83:c067%21
                                       192.168.1.254

Ethernet adapter Ethernet 2:

   Media State . . . . . . . . . . . : Media disconnected
   Connection-specific DNS Suffix  . : 

Ethernet adapter Bluetooth Network Connection 5:

   Media State . . . . . . . . . . . : Media disconnected
   Connection-specific DNS Suffix  . : 
